<?xml version="1.0" encoding="UTF-8"?>
<testng-results skipped="0" failed="0" ignored="0" total="1" passed="1">
  <reporter-output>
  </reporter-output>
  <suite name="Default suite" duration-ms="23906" started-at="2020-11-27T16:24:42Z" finished-at="2020-11-27T16:25:06Z">
    <groups>
    </groups>
    <test name="Default test" duration-ms="23906" started-at="2020-11-27T16:24:42Z" finished-at="2020-11-27T16:25:06Z">
      <class name="factory.FactoryPatternTest">
        <test-method status="PASS" signature="method()[pri:0, instance:factory.FactoryPatternTest@604ed9f0]" name="method" is-config="true" duration-ms="96" started-at="2020-11-27T16:24:42Z" finished-at="2020-11-27T16:24:42Z">
          <reporter-output>
          </reporter-output>
        </test-method> <!-- method -->
        <test-method status="PASS" signature="befmethod()[pri:0, instance:factory.FactoryPatternTest@604ed9f0]" name="befmethod" is-config="true" duration-ms="20379" started-at="2020-11-27T16:24:42Z" finished-at="2020-11-27T16:25:03Z">
          <reporter-output>
          </reporter-output>
        </test-method> <!-- befmethod -->
        <test-method status="PASS" signature="testMeth()[pri:0, instance:factory.FactoryPatternTest@604ed9f0]" name="testMeth" duration-ms="2505" started-at="2020-11-27T16:25:03Z" finished-at="2020-11-27T16:25:05Z">
          <reporter-output>
          </reporter-output>
        </test-method> <!-- testMeth -->
        <test-method status="PASS" signature="quitDriver()[pri:0, instance:factory.FactoryPatternTest@604ed9f0]" name="quitDriver" is-config="true" duration-ms="892" started-at="2020-11-27T16:25:05Z" finished-at="2020-11-27T16:25:06Z">
          <reporter-output>
          </reporter-output>
        </test-method> <!-- quitDriver -->
      </class> <!-- factory.FactoryPatternTest -->
    </test> <!-- Default test -->
  </suite> <!-- Default suite -->
</testng-results>
